<?xml version="1.0" encoding="UTF-8"?>
<testng-results ignored="0" total="1" passed="1" failed="0" skipped="0">
  <reporter-output>
  </reporter-output>
  <suite started-at="2023-08-16T17:52:46 BRT" name="Default suite" finished-at="2023-08-16T17:52:51 BRT" duration-ms="4638">
    <groups>
    </groups>
    <test started-at="2023-08-16T17:52:46 BRT" name="Default test" finished-at="2023-08-16T17:52:51 BRT" duration-ms="4638">
      <class name="TesteAPI.SoapXmlRequest">
        <test-method signature="ValidacaoSoapXML()[pri:0, instance:TesteAPI.SoapXmlRequest@4fb3ee4e]" started-at="2023-08-16T17:52:46 BRT" name="ValidacaoSoapXML" finished-at="2023-08-16T17:52:51 BRT" duration-ms="4571" status="PASS">
          <reporter-output>
          </reporter-output>
        </test-method> <!-- ValidacaoSoapXML -->
      </class> <!-- TesteAPI.SoapXmlRequest -->
    </test> <!-- Default test -->
  </suite> <!-- Default suite -->
</testng-results>
